<?xml version="1.0" encoding="UTF-8"?>
<coverage generated="1667273774586" clover="3.2.0">
  <project timestamp="1667273774586" name="All files">
    <metrics statements="88" coveredstatements="88" conditionals="49" coveredconditionals="49" methods="20" coveredmethods="20" elements="157" coveredelements="157" complexity="0" loc="88" ncloc="88" packages="1" files="1" classes="1"/>
    <file name="superenum.ts" path="/Users/sewell/relefant/git/superenum/src/superenum.ts">
      <metrics statements="88" coveredstatements="88" conditionals="49" coveredconditionals="49" methods="20" coveredmethods="20"/>
      <line num="295" count="15" type="stmt"/>
      <line num="299" count="11" type="cond" truecount="1" falsecount="0"/>
      <line num="301" count="11" type="stmt"/>
      <line num="302" count="40" type="stmt"/>
      <line num="303" count="40" type="stmt"/>
      <line num="307" count="11" type="cond" truecount="4" falsecount="0"/>
      <line num="308" count="3" type="stmt"/>
      <line num="309" count="3" type="stmt"/>
      <line num="312" count="11" type="stmt"/>
      <line num="316" count="15" type="stmt"/>
      <line num="317" count="15" type="stmt"/>
      <line num="318" count="15" type="stmt"/>
      <line num="319" count="15" type="stmt"/>
      <line num="320" count="15" type="stmt"/>
      <line num="321" count="64" type="cond" truecount="8" falsecount="0"/>
      <line num="324" count="15" type="stmt"/>
      <line num="326" count="56" type="stmt"/>
      <line num="327" count="56" type="stmt"/>
      <line num="331" count="15" type="stmt"/>
      <line num="333" count="56" type="cond" truecount="2" falsecount="0"/>
      <line num="335" count="56" type="stmt"/>
      <line num="336" count="56" type="stmt"/>
      <line num="339" count="15" type="stmt"/>
      <line num="340" count="15" type="stmt"/>
      <line num="343" count="15" type="cond" truecount="1" falsecount="0"/>
      <line num="344" count="3" type="stmt"/>
      <line num="348" count="15" type="cond" truecount="7" falsecount="0"/>
      <line num="349" count="1" type="stmt"/>
      <line num="351" count="14" type="cond" truecount="3" falsecount="0"/>
      <line num="352" count="9" type="stmt"/>
      <line num="356" count="10" type="cond" truecount="7" falsecount="0"/>
      <line num="357" count="1" type="stmt"/>
      <line num="359" count="9" type="stmt"/>
      <line num="363" count="13" type="cond" truecount="7" falsecount="0"/>
      <line num="364" count="1" type="stmt"/>
      <line num="366" count="12" type="stmt"/>
      <line num="370" count="3" type="stmt"/>
      <line num="371" count="3" type="stmt"/>
      <line num="372" count="3" type="cond" truecount="1" falsecount="0"/>
      <line num="376" count="5" type="stmt"/>
      <line num="377" count="5" type="stmt"/>
      <line num="381" count="8" type="stmt"/>
      <line num="382" count="8" type="stmt"/>
      <line num="383" count="8" type="stmt"/>
      <line num="385" count="4" type="stmt"/>
      <line num="388" count="44" type="cond" truecount="1" falsecount="0"/>
      <line num="389" count="36" type="stmt"/>
      <line num="390" count="36" type="stmt"/>
      <line num="391" count="36" type="stmt"/>
      <line num="392" count="36" type="stmt"/>
      <line num="394" count="8" type="stmt"/>
      <line num="402" count="4" type="stmt"/>
      <line num="403" count="4" type="stmt"/>
      <line num="404" count="4" type="stmt"/>
      <line num="406" count="4" type="stmt"/>
      <line num="409" count="22" type="cond" truecount="1" falsecount="0"/>
      <line num="410" count="18" type="stmt"/>
      <line num="411" count="18" type="stmt"/>
      <line num="412" count="18" type="stmt"/>
      <line num="414" count="4" type="stmt"/>
      <line num="422" count="4" type="stmt"/>
      <line num="423" count="4" type="stmt"/>
      <line num="424" count="4" type="stmt"/>
      <line num="426" count="4" type="stmt"/>
      <line num="429" count="22" type="cond" truecount="1" falsecount="0"/>
      <line num="430" count="18" type="stmt"/>
      <line num="431" count="18" type="stmt"/>
      <line num="432" count="18" type="stmt"/>
      <line num="433" count="18" type="stmt"/>
      <line num="435" count="4" type="stmt"/>
      <line num="443" count="15" type="stmt"/>
      <line num="448" count="15" type="stmt"/>
      <line num="453" count="15" type="stmt"/>
      <line num="458" count="15" type="stmt"/>
      <line num="463" count="15" type="stmt"/>
      <line num="468" count="15" type="stmt"/>
      <line num="473" count="15" type="stmt"/>
      <line num="478" count="15" type="stmt"/>
      <line num="483" count="15" type="stmt"/>
      <line num="489" count="15" type="stmt"/>
      <line num="490" count="15" type="cond" truecount="5" falsecount="0"/>
      <line num="491" count="15" type="stmt"/>
      <line num="494" count="15" type="stmt"/>
      <line num="497" count="15" type="stmt"/>
      <line num="500" count="1" type="stmt"/>
      <line num="501" count="1" type="stmt"/>
      <line num="502" count="1" type="stmt"/>
      <line num="504" count="1" type="stmt"/>
    </file>
  </project>
</coverage>
