{"/Users/sewell/relefant/git/superenum/src/superenum.ts": {"path":"/Users/sewell/relefant/git/superenum/src/superenum.ts","statementMap":{"0":{"start":{"line":295,"column":2},"end":{"line":295,"column":28}},"1":{"start":{"line":299,"column":2},"end":{"line":299,"column":36}},"2":{"start":{"line":299,"column":27},"end":{"line":299,"column":36}},"3":{"start":{"line":301,"column":22},"end":{"line":304,"column":8}},"4":{"start":{"line":302,"column":4},"end":{"line":302,"column":20}},"5":{"start":{"line":303,"column":4},"end":{"line":303,"column":15}},"6":{"start":{"line":307,"column":2},"end":{"line":310,"column":null}},"7":{"start":{"line":308,"column":4},"end":{"line":308,"column":41}},"8":{"start":{"line":309,"column":4},"end":{"line":309,"column":32}},"9":{"start":{"line":312,"column":2},"end":{"line":312,"column":42}},"10":{"start":{"line":316,"column":22},"end":{"line":316,"column":51}},"11":{"start":{"line":317,"column":22},"end":{"line":317,"column":51}},"12":{"start":{"line":318,"column":24},"end":{"line":318,"column":53}},"13":{"start":{"line":319,"column":24},"end":{"line":319,"column":53}},"14":{"start":{"line":320,"column":22},"end":{"line":320,"column":51}},"15":{"start":{"line":321,"column":24},"end":{"line":321,"column":95}},"16":{"start":{"line":321,"column":88},"end":{"line":321,"column":94}},"17":{"start":{"line":324,"column":2},"end":{"line":328,"column":null}},"18":{"start":{"line":326,"column":4},"end":{"line":326,"column":45}},"19":{"start":{"line":327,"column":4},"end":{"line":327,"column":61}},"20":{"start":{"line":331,"column":2},"end":{"line":337,"column":null}},"21":{"start":{"line":333,"column":20},"end":{"line":333,"column":75}},"22":{"start":{"line":335,"column":4},"end":{"line":335,"column":32}},"23":{"start":{"line":336,"column":4},"end":{"line":336,"column":36}},"24":{"start":{"line":339,"column":15},"end":{"line":495,"column":3}},"25":{"start":{"line":340,"column":18},"end":{"line":340,"column":29}},"26":{"start":{"line":343,"column":4},"end":{"line":345,"column":null}},"27":{"start":{"line":344,"column":6},"end":{"line":344,"column":47}},"28":{"start":{"line":348,"column":6},"end":{"line":350,"column":null}},"29":{"start":{"line":349,"column":8},"end":{"line":349,"column":82}},"30":{"start":{"line":351,"column":6},"end":{"line":351,"column":61}},"31":{"start":{"line":351,"column":44},"end":{"line":351,"column":61}},"32":{"start":{"line":352,"column":6},"end":{"line":352,"column":19}},"33":{"start":{"line":356,"column":6},"end":{"line":358,"column":null}},"34":{"start":{"line":357,"column":8},"end":{"line":357,"column":52}},"35":{"start":{"line":359,"column":6},"end":{"line":359,"column":39}},"36":{"start":{"line":363,"column":6},"end":{"line":365,"column":null}},"37":{"start":{"line":364,"column":8},"end":{"line":364,"column":54}},"38":{"start":{"line":366,"column":6},"end":{"line":366,"column":36}},"39":{"start":{"line":370,"column":6},"end":{"line":370,"column":14}},"40":{"start":{"line":371,"column":16},"end":{"line":371,"column":32}},"41":{"start":{"line":372,"column":6},"end":{"line":372,"column":46}},"42":{"start":{"line":372,"column":13},"end":{"line":372,"column":46}},"43":{"start":{"line":376,"column":6},"end":{"line":376,"column":14}},"44":{"start":{"line":377,"column":6},"end":{"line":377,"column":36}},"45":{"start":{"line":381,"column":19},"end":{"line":381,"column":32}},"46":{"start":{"line":382,"column":14},"end":{"line":382,"column":15}},"47":{"start":{"line":383,"column":6},"end":{"line":398,"column":8}},"48":{"start":{"line":385,"column":10},"end":{"line":385,"column":22}},"49":{"start":{"line":388,"column":10},"end":{"line":393,"column":null}},"50":{"start":{"line":389,"column":24},"end":{"line":389,"column":31}},"51":{"start":{"line":390,"column":26},"end":{"line":390,"column":51}},"52":{"start":{"line":391,"column":12},"end":{"line":391,"column":16}},"53":{"start":{"line":392,"column":12},"end":{"line":392,"column":42}},"54":{"start":{"line":394,"column":10},"end":{"line":396,"column":12}},"55":{"start":{"line":402,"column":19},"end":{"line":402,"column":32}},"56":{"start":{"line":403,"column":14},"end":{"line":403,"column":15}},"57":{"start":{"line":404,"column":6},"end":{"line":418,"column":8}},"58":{"start":{"line":406,"column":10},"end":{"line":406,"column":22}},"59":{"start":{"line":409,"column":10},"end":{"line":413,"column":null}},"60":{"start":{"line":410,"column":24},"end":{"line":410,"column":31}},"61":{"start":{"line":411,"column":12},"end":{"line":411,"column":16}},"62":{"start":{"line":412,"column":12},"end":{"line":412,"column":47}},"63":{"start":{"line":414,"column":10},"end":{"line":416,"column":12}},"64":{"start":{"line":422,"column":19},"end":{"line":422,"column":32}},"65":{"start":{"line":423,"column":14},"end":{"line":423,"column":15}},"66":{"start":{"line":424,"column":6},"end":{"line":439,"column":8}},"67":{"start":{"line":426,"column":10},"end":{"line":426,"column":22}},"68":{"start":{"line":429,"column":10},"end":{"line":434,"column":null}},"69":{"start":{"line":430,"column":24},"end":{"line":430,"column":31}},"70":{"start":{"line":431,"column":26},"end":{"line":431,"column":51}},"71":{"start":{"line":432,"column":12},"end":{"line":432,"column":16}},"72":{"start":{"line":433,"column":12},"end":{"line":433,"column":56}},"73":{"start":{"line":435,"column":10},"end":{"line":437,"column":12}},"74":{"start":{"line":443,"column":4},"end":{"line":446,"column":7}},"75":{"start":{"line":448,"column":4},"end":{"line":451,"column":7}},"76":{"start":{"line":453,"column":4},"end":{"line":456,"column":7}},"77":{"start":{"line":458,"column":4},"end":{"line":461,"column":7}},"78":{"start":{"line":463,"column":4},"end":{"line":466,"column":7}},"79":{"start":{"line":468,"column":4},"end":{"line":471,"column":7}},"80":{"start":{"line":473,"column":4},"end":{"line":476,"column":7}},"81":{"start":{"line":478,"column":4},"end":{"line":481,"column":7}},"82":{"start":{"line":483,"column":4},"end":{"line":486,"column":7}},"83":{"start":{"line":489,"column":14},"end":{"line":489,"column":21}},"84":{"start":{"line":490,"column":4},"end":{"line":492,"column":null}},"85":{"start":{"line":491,"column":6},"end":{"line":491,"column":28}},"86":{"start":{"line":494,"column":4},"end":{"line":494,"column":15}},"87":{"start":{"line":497,"column":2},"end":{"line":497,"column":23}},"88":{"start":{"line":500,"column":29},"end":{"line":500,"column":46}},"89":{"start":{"line":504,"column":9},"end":{"line":504,"column":18}},"90":{"start":{"line":501,"column":0},"end":{"line":501,"column":34}},"91":{"start":{"line":502,"column":0},"end":{"line":502,"column":32}}},"fnMap":{"0":{"name":"freeze","decl":{"start":{"line":294,"column":9},"end":{"line":294,"column":15}},"loc":{"start":{"line":294,"column":25},"end":{"line":296,"column":1}}},"1":{"name":"fromArray","decl":{"start":{"line":298,"column":9},"end":{"line":298,"column":18}},"loc":{"start":{"line":298,"column":50},"end":{"line":313,"column":1}}},"2":{"name":"(anonymous_2)","decl":{"start":{"line":301,"column":33},"end":{"line":301,"column":34}},"loc":{"start":{"line":301,"column":54},"end":{"line":304,"column":3}}},"3":{"name":"fromObject","decl":{"start":{"line":315,"column":9},"end":{"line":315,"column":19}},"loc":{"start":{"line":315,"column":59},"end":{"line":498,"column":1}}},"4":{"name":"(anonymous_4)","decl":{"start":{"line":321,"column":81},"end":{"line":321,"column":82}},"loc":{"start":{"line":321,"column":88},"end":{"line":321,"column":94}}},"5":{"name":"(anonymous_5)","decl":{"start":{"line":339,"column":15},"end":{"line":339,"column":16}},"loc":{"start":{"line":339,"column":41},"end":{"line":495,"column":3}}},"6":{"name":"fromValue","decl":{"start":{"line":347,"column":13},"end":{"line":347,"column":22}},"loc":{"start":{"line":347,"column":67},"end":{"line":353,"column":5}}},"7":{"name":"fromKey","decl":{"start":{"line":355,"column":13},"end":{"line":355,"column":20}},"loc":{"start":{"line":355,"column":68},"end":{"line":360,"column":5}}},"8":{"name":"keyFromValue","decl":{"start":{"line":362,"column":13},"end":{"line":362,"column":25}},"loc":{"start":{"line":362,"column":73},"end":{"line":367,"column":5}}},"9":{"name":"setMetadata","decl":{"start":{"line":369,"column":13},"end":{"line":369,"column":24}},"loc":{"start":{"line":369,"column":90},"end":{"line":373,"column":5}}},"10":{"name":"getMetadata","decl":{"start":{"line":375,"column":13},"end":{"line":375,"column":24}},"loc":{"start":{"line":375,"column":71},"end":{"line":378,"column":5}}},"11":{"name":"valueIterator","decl":{"start":{"line":380,"column":13},"end":{"line":380,"column":26}},"loc":{"start":{"line":380,"column":26},"end":{"line":399,"column":5}}},"12":{"name":"(anonymous_12)","decl":{"start":{"line":384,"column":8},"end":{"line":384,"column":9}},"loc":{"start":{"line":384,"column":25},"end":{"line":386,"column":9}}},"13":{"name":"(anonymous_13)","decl":{"start":{"line":387,"column":14},"end":{"line":387,"column":17}},"loc":{"start":{"line":387,"column":19},"end":{"line":397,"column":9}}},"14":{"name":"keyIterator","decl":{"start":{"line":401,"column":13},"end":{"line":401,"column":24}},"loc":{"start":{"line":401,"column":24},"end":{"line":419,"column":5}}},"15":{"name":"(anonymous_15)","decl":{"start":{"line":405,"column":8},"end":{"line":405,"column":9}},"loc":{"start":{"line":405,"column":25},"end":{"line":407,"column":9}}},"16":{"name":"(anonymous_16)","decl":{"start":{"line":408,"column":14},"end":{"line":408,"column":17}},"loc":{"start":{"line":408,"column":19},"end":{"line":417,"column":9}}},"17":{"name":"entryIterator","decl":{"start":{"line":421,"column":13},"end":{"line":421,"column":26}},"loc":{"start":{"line":421,"column":26},"end":{"line":440,"column":5}}},"18":{"name":"(anonymous_18)","decl":{"start":{"line":425,"column":8},"end":{"line":425,"column":9}},"loc":{"start":{"line":425,"column":25},"end":{"line":427,"column":9}}},"19":{"name":"(anonymous_19)","decl":{"start":{"line":428,"column":14},"end":{"line":428,"column":17}},"loc":{"start":{"line":428,"column":19},"end":{"line":438,"column":9}}}},"branchMap":{"0":{"loc":{"start":{"line":299,"column":2},"end":{"line":299,"column":36}},"type":"if","locations":[{"start":{"line":299,"column":2},"end":{"line":299,"column":36}}]},"1":{"loc":{"start":{"line":307,"column":2},"end":{"line":310,"column":null}},"type":"if","locations":[{"start":{"line":307,"column":2},"end":{"line":310,"column":null}}]},"2":{"loc":{"start":{"line":307,"column":6},"end":{"line":307,"column":53}},"type":"binary-expr","locations":[{"start":{"line":307,"column":6},"end":{"line":307,"column":14}},{"start":{"line":307,"column":19},"end":{"line":307,"column":26}},{"start":{"line":307,"column":30},"end":{"line":307,"column":52}}]},"3":{"loc":{"start":{"line":321,"column":25},"end":{"line":321,"column":75}},"type":"cond-expr","locations":[{"start":{"line":321,"column":47},"end":{"line":321,"column":51}},{"start":{"line":321,"column":51},"end":{"line":321,"column":75}}]},"4":{"loc":{"start":{"line":321,"column":25},"end":{"line":321,"column":51}},"type":"binary-expr","locations":[{"start":{"line":321,"column":25},"end":{"line":321,"column":51}},{"start":{"line":321,"column":47},"end":{"line":321,"column":51}}]},"5":{"loc":{"start":{"line":321,"column":25},"end":{"line":321,"column":47}},"type":"cond-expr","locations":[{"start":{"line":321,"column":32},"end":{"line":321,"column":34}},{"start":{"line":321,"column":25},"end":{"line":321,"column":47}}]},"6":{"loc":{"start":{"line":321,"column":25},"end":{"line":321,"column":34}},"type":"binary-expr","locations":[{"start":{"line":321,"column":25},"end":{"line":321,"column":34}},{"start":{"line":321,"column":25},"end":{"line":321,"column":34}}]},"7":{"loc":{"start":{"line":333,"column":20},"end":{"line":333,"column":75}},"type":"cond-expr","locations":[{"start":{"line":333,"column":48},"end":{"line":333,"column":67}},{"start":{"line":333,"column":70},"end":{"line":333,"column":75}}]},"8":{"loc":{"start":{"line":343,"column":4},"end":{"line":345,"column":null}},"type":"if","locations":[{"start":{"line":343,"column":4},"end":{"line":345,"column":null}}]},"9":{"loc":{"start":{"line":348,"column":6},"end":{"line":350,"column":null}},"type":"if","locations":[{"start":{"line":348,"column":6},"end":{"line":350,"column":null}}]},"10":{"loc":{"start":{"line":348,"column":10},"end":{"line":348,"column":58}},"type":"binary-expr","locations":[{"start":{"line":348,"column":10},"end":{"line":348,"column":29}},{"start":{"line":348,"column":33},"end":{"line":348,"column":58}}]},"11":{"loc":{"start":{"line":348,"column":10},"end":{"line":348,"column":29}},"type":"cond-expr","locations":[{"start":{"line":348,"column":17},"end":{"line":348,"column":19}},{"start":{"line":348,"column":10},"end":{"line":348,"column":29}}]},"12":{"loc":{"start":{"line":348,"column":10},"end":{"line":348,"column":19}},"type":"binary-expr","locations":[{"start":{"line":348,"column":10},"end":{"line":348,"column":19}},{"start":{"line":348,"column":10},"end":{"line":348,"column":19}}]},"13":{"loc":{"start":{"line":351,"column":6},"end":{"line":351,"column":61}},"type":"if","locations":[{"start":{"line":351,"column":6},"end":{"line":351,"column":61}}]},"14":{"loc":{"start":{"line":351,"column":10},"end":{"line":351,"column":42}},"type":"binary-expr","locations":[{"start":{"line":351,"column":10},"end":{"line":351,"column":15}},{"start":{"line":351,"column":19},"end":{"line":351,"column":42}}]},"15":{"loc":{"start":{"line":356,"column":6},"end":{"line":358,"column":null}},"type":"if","locations":[{"start":{"line":356,"column":6},"end":{"line":358,"column":null}}]},"16":{"loc":{"start":{"line":356,"column":10},"end":{"line":356,"column":56}},"type":"binary-expr","locations":[{"start":{"line":356,"column":10},"end":{"line":356,"column":29}},{"start":{"line":356,"column":33},"end":{"line":356,"column":56}}]},"17":{"loc":{"start":{"line":356,"column":10},"end":{"line":356,"column":29}},"type":"cond-expr","locations":[{"start":{"line":356,"column":17},"end":{"line":356,"column":19}},{"start":{"line":356,"column":10},"end":{"line":356,"column":29}}]},"18":{"loc":{"start":{"line":356,"column":10},"end":{"line":356,"column":19}},"type":"binary-expr","locations":[{"start":{"line":356,"column":10},"end":{"line":356,"column":19}},{"start":{"line":356,"column":10},"end":{"line":356,"column":19}}]},"19":{"loc":{"start":{"line":363,"column":6},"end":{"line":365,"column":null}},"type":"if","locations":[{"start":{"line":363,"column":6},"end":{"line":365,"column":null}}]},"20":{"loc":{"start":{"line":363,"column":10},"end":{"line":363,"column":58}},"type":"binary-expr","locations":[{"start":{"line":363,"column":10},"end":{"line":363,"column":29}},{"start":{"line":363,"column":33},"end":{"line":363,"column":58}}]},"21":{"loc":{"start":{"line":363,"column":10},"end":{"line":363,"column":29}},"type":"cond-expr","locations":[{"start":{"line":363,"column":17},"end":{"line":363,"column":19}},{"start":{"line":363,"column":10},"end":{"line":363,"column":29}}]},"22":{"loc":{"start":{"line":363,"column":10},"end":{"line":363,"column":19}},"type":"binary-expr","locations":[{"start":{"line":363,"column":10},"end":{"line":363,"column":19}},{"start":{"line":363,"column":10},"end":{"line":363,"column":19}}]},"23":{"loc":{"start":{"line":372,"column":6},"end":{"line":372,"column":46}},"type":"if","locations":[{"start":{"line":372,"column":6},"end":{"line":372,"column":46}}]},"24":{"loc":{"start":{"line":388,"column":10},"end":{"line":393,"column":null}},"type":"if","locations":[{"start":{"line":388,"column":10},"end":{"line":393,"column":null}}]},"25":{"loc":{"start":{"line":409,"column":10},"end":{"line":413,"column":null}},"type":"if","locations":[{"start":{"line":409,"column":10},"end":{"line":413,"column":null}}]},"26":{"loc":{"start":{"line":429,"column":10},"end":{"line":434,"column":null}},"type":"if","locations":[{"start":{"line":429,"column":10},"end":{"line":434,"column":null}}]},"27":{"loc":{"start":{"line":490,"column":4},"end":{"line":492,"column":null}},"type":"if","locations":[{"start":{"line":490,"column":4},"end":{"line":492,"column":null}}]},"28":{"loc":{"start":{"line":490,"column":9},"end":{"line":490,"column":26}},"type":"cond-expr","locations":[{"start":{"line":490,"column":16},"end":{"line":490,"column":18}},{"start":{"line":490,"column":9},"end":{"line":490,"column":26}}]},"29":{"loc":{"start":{"line":490,"column":9},"end":{"line":490,"column":18}},"type":"binary-expr","locations":[{"start":{"line":490,"column":9},"end":{"line":490,"column":18}},{"start":{"line":490,"column":9},"end":{"line":490,"column":18}}]}},"s":{"0":15,"1":11,"2":1,"3":11,"4":40,"5":40,"6":11,"7":3,"8":3,"9":11,"10":15,"11":15,"12":15,"13":15,"14":15,"15":15,"16":64,"17":15,"18":56,"19":56,"20":15,"21":56,"22":56,"23":56,"24":15,"25":15,"26":15,"27":3,"28":15,"29":1,"30":14,"31":5,"32":9,"33":10,"34":1,"35":9,"36":13,"37":1,"38":12,"39":3,"40":3,"41":3,"42":3,"43":5,"44":5,"45":8,"46":8,"47":8,"48":4,"49":44,"50":36,"51":36,"52":36,"53":36,"54":8,"55":4,"56":4,"57":4,"58":4,"59":22,"60":18,"61":18,"62":18,"63":4,"64":4,"65":4,"66":4,"67":4,"68":22,"69":18,"70":18,"71":18,"72":18,"73":4,"74":15,"75":15,"76":15,"77":15,"78":15,"79":15,"80":15,"81":15,"82":15,"83":15,"84":15,"85":15,"86":15,"87":15,"88":1,"89":1,"90":1,"91":1},"f":{"0":15,"1":11,"2":40,"3":15,"4":64,"5":15,"6":15,"7":10,"8":13,"9":3,"10":5,"11":8,"12":4,"13":44,"14":4,"15":4,"16":22,"17":4,"18":4,"19":22},"b":{"0":[1],"1":[3],"2":[11,8,8],"3":[12,3],"4":[15,15],"5":[3,12],"6":[15,15],"7":[42,14],"8":[3],"9":[1],"10":[15,3],"11":[12,3],"12":[15,15],"13":[5],"14":[14,14],"15":[1],"16":[10,2],"17":[8,2],"18":[10,10],"19":[1],"20":[13,3],"21":[10,3],"22":[13,13],"23":[3],"24":[36],"25":[18],"26":[18],"27":[15],"28":[3,12],"29":[15,15]}}
}
