TN:
SF:src/superenum.ts
FN:294,freeze
FN:298,fromArray
FN:301,(anonymous_2)
FN:315,fromObject
FN:321,(anonymous_4)
FN:339,(anonymous_5)
FN:347,fromValue
FN:355,fromKey
FN:362,keyFromValue
FN:369,setMetadata
FN:375,getMetadata
FN:380,valueIterator
FN:384,(anonymous_12)
FN:387,(anonymous_13)
FN:401,keyIterator
FN:405,(anonymous_15)
FN:408,(anonymous_16)
FN:421,entryIterator
FN:425,(anonymous_18)
FN:428,(anonymous_19)
FNF:20
FNH:20
FNDA:15,freeze
FNDA:11,fromArray
FNDA:40,(anonymous_2)
FNDA:15,fromObject
FNDA:64,(anonymous_4)
FNDA:15,(anonymous_5)
FNDA:15,fromValue
FNDA:10,fromKey
FNDA:13,keyFromValue
FNDA:3,setMetadata
FNDA:5,getMetadata
FNDA:8,valueIterator
FNDA:4,(anonymous_12)
FNDA:44,(anonymous_13)
FNDA:4,keyIterator
FNDA:4,(anonymous_15)
FNDA:22,(anonymous_16)
FNDA:4,entryIterator
FNDA:4,(anonymous_18)
FNDA:22,(anonymous_19)
DA:295,15
DA:299,11
DA:301,11
DA:302,40
DA:303,40
DA:307,11
DA:308,3
DA:309,3
DA:312,11
DA:316,15
DA:317,15
DA:318,15
DA:319,15
DA:320,15
DA:321,64
DA:324,15
DA:326,56
DA:327,56
DA:331,15
DA:333,56
DA:335,56
DA:336,56
DA:339,15
DA:340,15
DA:343,15
DA:344,3
DA:348,15
DA:349,1
DA:351,14
DA:352,9
DA:356,10
DA:357,1
DA:359,9
DA:363,13
DA:364,1
DA:366,12
DA:370,3
DA:371,3
DA:372,3
DA:376,5
DA:377,5
DA:381,8
DA:382,8
DA:383,8
DA:385,4
DA:388,44
DA:389,36
DA:390,36
DA:391,36
DA:392,36
DA:394,8
DA:402,4
DA:403,4
DA:404,4
DA:406,4
DA:409,22
DA:410,18
DA:411,18
DA:412,18
DA:414,4
DA:422,4
DA:423,4
DA:424,4
DA:426,4
DA:429,22
DA:430,18
DA:431,18
DA:432,18
DA:433,18
DA:435,4
DA:443,15
DA:448,15
DA:453,15
DA:458,15
DA:463,15
DA:468,15
DA:473,15
DA:478,15
DA:483,15
DA:489,15
DA:490,15
DA:491,15
DA:494,15
DA:497,15
DA:500,1
DA:501,1
DA:502,1
DA:504,1
LF:88
LH:88
BRDA:299,0,0,1
BRDA:307,1,0,3
BRDA:307,2,0,11
BRDA:307,2,1,8
BRDA:307,2,2,8
BRDA:321,3,0,12
BRDA:321,3,1,3
BRDA:321,4,0,15
BRDA:321,4,1,15
BRDA:321,5,0,3
BRDA:321,5,1,12
BRDA:321,6,0,15
BRDA:321,6,1,15
BRDA:333,7,0,42
BRDA:333,7,1,14
BRDA:343,8,0,3
BRDA:348,9,0,1
BRDA:348,10,0,15
BRDA:348,10,1,3
BRDA:348,11,0,12
BRDA:348,11,1,3
BRDA:348,12,0,15
BRDA:348,12,1,15
BRDA:351,13,0,5
BRDA:351,14,0,14
BRDA:351,14,1,14
BRDA:356,15,0,1
BRDA:356,16,0,10
BRDA:356,16,1,2
BRDA:356,17,0,8
BRDA:356,17,1,2
BRDA:356,18,0,10
BRDA:356,18,1,10
BRDA:363,19,0,1
BRDA:363,20,0,13
BRDA:363,20,1,3
BRDA:363,21,0,10
BRDA:363,21,1,3
BRDA:363,22,0,13
BRDA:363,22,1,13
BRDA:372,23,0,3
BRDA:388,24,0,36
BRDA:409,25,0,18
BRDA:429,26,0,18
BRDA:490,27,0,15
BRDA:490,28,0,3
BRDA:490,28,1,12
BRDA:490,29,0,15
BRDA:490,29,1,15
BRF:49
BRH:49
end_of_record
